c:\users\jesse\documents\files\homework\2015b\datacomucation\winsock-project\tcp\tcpserver\debug\vc140.pdb
c:\users\jesse\documents\files\homework\2015b\datacomucation\winsock-project\tcp\tcpserver\debug\vc140.idb
c:\users\jesse\documents\files\homework\2015b\datacomucation\winsock-project\tcp\tcpserver\debug\diewitherrorws.obj
c:\users\jesse\documents\files\homework\2015b\datacomucation\winsock-project\tcp\tcpserver\debug\handletcpclientws.obj
c:\users\jesse\documents\files\homework\2015b\datacomucation\winsock-project\tcp\tcpserver\debug\tcpechoserverws.obj
c:\users\jesse\documents\files\homework\2015b\datacomucation\winsock-project\tcp\debug\tcpserver.ilk
c:\users\jesse\documents\files\homework\2015b\datacomucation\winsock-project\tcp\debug\tcpserver.exe
c:\users\jesse\documents\files\homework\2015b\datacomucation\winsock-project\tcp\debug\tcpserver.pdb
d:\jesse\coursedoc\2015b\datacomucation\winsock-project\tcp\tcpserver\debug\diewitherrorws.obj
d:\jesse\coursedoc\2015b\datacomucation\winsock-project\tcp\tcpserver\debug\handletcpclientws.obj
d:\jesse\coursedoc\2015b\datacomucation\winsock-project\tcp\tcpserver\debug\tcpechoserverws.obj
d:\jesse\coursedoc\2015b\datacomucation\winsock-project\tcp\tcpserver\debug\vc140.idb
d:\jesse\coursedoc\2015b\datacomucation\winsock-project\tcp\tcpserver\debug\vc140.pdb
d:\jesse\coursedoc\2015b\datacomucation\winsock-project\tcp\debug\tcpserver.pdb
d:\jesse\coursedoc\2015b\datacomucation\winsock-project\tcp\debug\tcpserver.exe
d:\jesse\coursedoc\2015b\datacomucation\winsock-project\tcp\debug\tcpserver.ilk
d:\jesse\coursedoc\2015b\datacomucation\winsock-project\tcp\tcpserver\debug\tcpserver.tlog\cl.command.1.tlog
d:\jesse\coursedoc\2015b\datacomucation\winsock-project\tcp\tcpserver\debug\tcpserver.tlog\cl.read.1.tlog
d:\jesse\coursedoc\2015b\datacomucation\winsock-project\tcp\tcpserver\debug\tcpserver.tlog\cl.write.1.tlog
d:\jesse\coursedoc\2015b\datacomucation\winsock-project\tcp\tcpserver\debug\tcpserver.tlog\link.command.1.tlog
d:\jesse\coursedoc\2015b\datacomucation\winsock-project\tcp\tcpserver\debug\tcpserver.tlog\link.read.1.tlog
d:\jesse\coursedoc\2015b\datacomucation\winsock-project\tcp\tcpserver\debug\tcpserver.tlog\link.write.1.tlog
