c:\users\jesse\documents\files\homework\2015b\datacomucation\winsock-project\tcp\tcpclient\debug\vc140.pdb
c:\users\jesse\documents\files\homework\2015b\datacomucation\winsock-project\tcp\tcpclient\debug\vc140.idb
c:\users\jesse\documents\files\homework\2015b\datacomucation\winsock-project\tcp\tcpclient\debug\diewitherrorws.obj
c:\users\jesse\documents\files\homework\2015b\datacomucation\winsock-project\tcp\tcpclient\debug\tcpechoclientws.obj
c:\users\jesse\documents\files\homework\2015b\datacomucation\winsock-project\tcp\debug\tcpclient.ilk
c:\users\jesse\documents\files\homework\2015b\datacomucation\winsock-project\tcp\debug\tcpclient.exe
c:\users\jesse\documents\files\homework\2015b\datacomucation\winsock-project\tcp\debug\tcpclient.pdb
d:\jesse\coursedoc\2015b\datacomucation\winsock-project\tcp\tcpclient\debug\diewitherrorws.obj
d:\jesse\coursedoc\2015b\datacomucation\winsock-project\tcp\tcpclient\debug\tcpechoclientws.obj
d:\jesse\coursedoc\2015b\datacomucation\winsock-project\tcp\tcpclient\debug\vc140.idb
d:\jesse\coursedoc\2015b\datacomucation\winsock-project\tcp\tcpclient\debug\vc140.pdb
d:\jesse\coursedoc\2015b\datacomucation\winsock-project\tcp\debug\tcpclient.pdb
d:\jesse\coursedoc\2015b\datacomucation\winsock-project\tcp\debug\tcpclient.exe
d:\jesse\coursedoc\2015b\datacomucation\winsock-project\tcp\debug\tcpclient.ilk
d:\jesse\coursedoc\2015b\datacomucation\winsock-project\tcp\tcpclient\debug\tcpclient.tlog\cl.command.1.tlog
d:\jesse\coursedoc\2015b\datacomucation\winsock-project\tcp\tcpclient\debug\tcpclient.tlog\cl.read.1.tlog
d:\jesse\coursedoc\2015b\datacomucation\winsock-project\tcp\tcpclient\debug\tcpclient.tlog\cl.write.1.tlog
d:\jesse\coursedoc\2015b\datacomucation\winsock-project\tcp\tcpclient\debug\tcpclient.tlog\link.command.1.tlog
d:\jesse\coursedoc\2015b\datacomucation\winsock-project\tcp\tcpclient\debug\tcpclient.tlog\link.read.1.tlog
d:\jesse\coursedoc\2015b\datacomucation\winsock-project\tcp\tcpclient\debug\tcpclient.tlog\link.write.1.tlog
